<?xml version="1.0" encoding="UTF-8"?>
<coverage generated="1699686493341" clover="3.2.0">
  <project timestamp="1699686493341" name="All files">
    <metrics statements="120" coveredstatements="71" conditionals="69" coveredconditionals="31" methods="30" coveredmethods="15" elements="219" coveredelements="117" complexity="0" loc="120" ncloc="120" packages="1" files="3" classes="3"/>
    <file name="constants.ts" path="/Users/azlam/projects/sfops/actions/jiraLinter/src/constants.ts">
      <metrics statements="6" coveredstatements="6" conditionals="0" coveredconditionals="0" methods="0" coveredmethods="0"/>
      <line num="2" count="2" type="stmt"/>
      <line num="6" count="2" type="stmt"/>
      <line num="11" count="2" type="stmt"/>
      <line num="16" count="2" type="stmt"/>
      <line num="21" count="2" type="stmt"/>
      <line num="27" count="2" type="stmt"/>
    </file>
    <file name="github.ts" path="/Users/azlam/projects/sfops/actions/jiraLinter/src/github.ts">
      <metrics statements="65" coveredstatements="35" conditionals="49" coveredconditionals="17" methods="15" coveredmethods="7"/>
      <line num="1" count="2" type="stmt"/>
      <line num="2" count="2" type="stmt"/>
      <line num="3" count="2" type="stmt"/>
      <line num="5" count="2" type="stmt"/>
      <line num="7" count="2" type="stmt"/>
      <line num="8" count="2" type="stmt"/>
      <line num="16" count="0" type="stmt"/>
      <line num="18" count="0" type="cond" truecount="0" falsecount="3"/>
      <line num="19" count="0" type="stmt"/>
      <line num="24" count="0" type="stmt"/>
      <line num="25" count="0" type="stmt"/>
      <line num="27" count="0" type="stmt"/>
      <line num="29" count="0" type="stmt"/>
      <line num="31" count="0" type="stmt"/>
      <line num="33" count="0" type="cond" truecount="0" falsecount="8"/>
      <line num="34" count="0" type="stmt"/>
      <line num="39" count="0" type="stmt"/>
      <line num="40" count="0" type="stmt"/>
      <line num="41" count="0" type="stmt"/>
      <line num="43" count="0" type="stmt"/>
      <line num="45" count="0" type="stmt"/>
      <line num="47" count="0" type="cond" truecount="0" falsecount="8"/>
      <line num="48" count="0" type="stmt"/>
      <line num="53" count="0" type="stmt"/>
      <line num="54" count="0" type="stmt"/>
      <line num="56" count="0" type="stmt"/>
      <line num="57" count="0" type="stmt"/>
      <line num="65" count="0" type="stmt"/>
      <line num="67" count="0" type="cond" truecount="0" falsecount="8"/>
      <line num="72" count="0" type="stmt"/>
      <line num="73" count="0" type="stmt"/>
      <line num="74" count="0" type="cond" truecount="0" falsecount="2"/>
      <line num="75" count="0" type="stmt"/>
      <line num="99" count="0" type="cond" truecount="0" falsecount="3"/>
      <line num="100" count="0" type="stmt"/>
      <line num="121" count="0" type="stmt"/>
      <line num="133" count="2" type="stmt"/>
      <line num="134" count="50" type="cond" truecount="1" falsecount="0"/>
      <line num="135" count="4" type="stmt"/>
      <line num="136" count="4" type="stmt"/>
      <line num="139" count="86" type="cond" truecount="1" falsecount="0"/>
      <line num="140" count="1" type="stmt"/>
      <line num="141" count="1" type="stmt"/>
      <line num="144" count="21" type="cond" truecount="2" falsecount="0"/>
      <line num="145" count="21" type="cond" truecount="3" falsecount="0"/>
      <line num="146" count="4" type="stmt"/>
      <line num="149" count="4" type="stmt"/>
      <line num="152" count="17" type="stmt"/>
      <line num="156" count="17" type="stmt"/>
      <line num="166" count="2" type="stmt"/>
      <line num="170" count="8" type="cond" truecount="4" falsecount="0"/>
      <line num="173" count="7" type="stmt"/>
      <line num="175" count="7" type="cond" truecount="2" falsecount="0"/>
      <line num="176" count="3" type="stmt"/>
      <line num="178" count="4" type="stmt"/>
      <line num="181" count="7" type="stmt"/>
      <line num="185" count="1" type="stmt"/>
      <line num="189" count="2" type="stmt"/>
      <line num="190" count="3" type="cond" truecount="2" falsecount="0"/>
      <line num="193" count="2" type="stmt"/>
      <line num="199" count="2" type="stmt"/>
      <line num="219" count="2" type="stmt"/>
      <line num="220" count="4" type="cond" truecount="1" falsecount="0"/>
      <line num="221" count="3" type="cond" truecount="1" falsecount="0"/>
      <line num="222" count="2" type="stmt"/>
    </file>
    <file name="jira.ts" path="/Users/azlam/projects/sfops/actions/jiraLinter/src/jira.ts">
      <metrics statements="49" coveredstatements="30" conditionals="20" coveredconditionals="14" methods="15" coveredmethods="8"/>
      <line num="1" count="1" type="stmt"/>
      <line num="2" count="1" type="stmt"/>
      <line num="4" count="1" type="stmt"/>
      <line num="6" count="1" type="stmt"/>
      <line num="11" count="0" type="stmt"/>
      <line num="12" count="0" type="stmt"/>
      <line num="18" count="1" type="stmt"/>
      <line num="19" count="3" type="cond" truecount="2" falsecount="1"/>
      <line num="20" count="0" type="stmt"/>
      <line num="22" count="4" type="stmt"/>
      <line num="23" count="3" type="stmt"/>
      <line num="27" count="1" type="stmt"/>
      <line num="28" count="15" type="stmt"/>
      <line num="29" count="15" type="cond" truecount="6" falsecount="0"/>
      <line num="30" count="13" type="stmt"/>
      <line num="31" count="2" type="stmt"/>
      <line num="34" count="0" type="stmt"/>
      <line num="35" count="0" type="stmt"/>
      <line num="36" count="0" type="stmt"/>
      <line num="37" count="0" type="stmt"/>
      <line num="44" count="0" type="stmt"/>
      <line num="45" count="0" type="stmt"/>
      <line num="46" count="0" type="stmt"/>
      <line num="56" count="0" type="stmt"/>
      <line num="58" count="0" type="stmt"/>
      <line num="65" count="0" type="stmt"/>
      <line num="83" count="0" type="stmt"/>
      <line num="87" count="0" type="stmt"/>
      <line num="88" count="0" type="stmt"/>
      <line num="89" count="0" type="stmt"/>
      <line num="92" count="0" type="stmt"/>
      <line num="94" count="0" type="stmt"/>
      <line num="99" count="1" type="stmt"/>
      <line num="100" count="2" type="stmt"/>
      <line num="102" count="2" type="stmt"/>
      <line num="137" count="2" type="cond" truecount="4" falsecount="0"/>
      <line num="138" count="1" type="stmt"/>
      <line num="144" count="2" type="stmt"/>
      <line num="148" count="1" type="stmt"/>
      <line num="149" count="1" type="stmt"/>
      <line num="164" count="1" type="stmt"/>
      <line num="169" count="3" type="cond" truecount="1" falsecount="0"/>
      <line num="171" count="1" type="stmt"/>
      <line num="172" count="1" type="stmt"/>
      <line num="175" count="2" type="stmt"/>
      <line num="179" count="1" type="stmt"/>
      <line num="180" count="2" type="stmt"/>
      <line num="182" count="2" type="stmt"/>
      <line num="200" count="41" type="stmt"/>
    </file>
  </project>
</coverage>
