{"/Users/azlam/projects/sfops/actions/jiraLinter/src/constants.ts": {"path":"/Users/azlam/projects/sfops/actions/jiraLinter/src/constants.ts","statementMap":{"0":{"start":{"line":2,"column":13},"end":{"line":2,"column":50}},"1":{"start":{"line":6,"column":13},"end":{"line":6,"column":54}},"2":{"start":{"line":11,"column":13},"end":{"line":11,"column":82}},"3":{"start":{"line":16,"column":13},"end":{"line":16,"column":102}},"4":{"start":{"line":21,"column":13},"end":{"line":21,"column":75}},"5":{"start":{"line":27,"column":13},"end":{"line":27,"column":50}}},"fnMap":{},"branchMap":{},"s":{"0":2,"1":2,"2":2,"3":2,"4":2,"5":2},"f":{},"b":{}}
,"/Users/azlam/projects/sfops/actions/jiraLinter/src/github.ts": {"path":"/Users/azlam/projects/sfops/actions/jiraLinter/src/github.ts","statementMap":{"0":{"start":{"line":1,"column":0},"end":{"line":1,"column":38}},"1":{"start":{"line":2,"column":0},"end":{"line":2,"column":41}},"2":{"start":{"line":3,"column":0},"end":{"line":3,"column":43}},"3":{"start":{"line":5,"column":0},"end":{"line":5,"column":89}},"4":{"start":{"line":24,"column":2},"end":{"line":36,"column":4}},"5":{"start":{"line":24,"column":68},"end":{"line":36,"column":4}},"6":{"start":{"line":25,"column":4},"end":{"line":35,"column":null}},"7":{"start":{"line":27,"column":59},"end":{"line":27,"column":68}},"8":{"start":{"line":29,"column":6},"end":{"line":29,"column":80}},"9":{"start":{"line":31,"column":6},"end":{"line":31,"column":27}},"10":{"start":{"line":33,"column":6},"end":{"line":33,"column":74}},"11":{"start":{"line":34,"column":6},"end":{"line":34,"column":22}},"12":{"start":{"line":39,"column":2},"end":{"line":50,"column":4}},"13":{"start":{"line":39,"column":77},"end":{"line":50,"column":4}},"14":{"start":{"line":40,"column":4},"end":{"line":49,"column":null}},"15":{"start":{"line":41,"column":55},"end":{"line":41,"column":61}},"16":{"start":{"line":43,"column":6},"end":{"line":43,"column":92}},"17":{"start":{"line":45,"column":6},"end":{"line":45,"column":27}},"18":{"start":{"line":47,"column":6},"end":{"line":47,"column":81}},"19":{"start":{"line":48,"column":6},"end":{"line":48,"column":22}},"20":{"start":{"line":53,"column":2},"end":{"line":69,"column":4}},"21":{"start":{"line":53,"column":74},"end":{"line":69,"column":4}},"22":{"start":{"line":54,"column":4},"end":{"line":68,"column":null}},"23":{"start":{"line":56,"column":57},"end":{"line":56,"column":64}},"24":{"start":{"line":57,"column":6},"end":{"line":63,"column":9}},"25":{"start":{"line":65,"column":6},"end":{"line":65,"column":27}},"26":{"start":{"line":67,"column":6},"end":{"line":67,"column":75}},"27":{"start":{"line":72,"column":2},"end":{"line":124,"column":4}},"28":{"start":{"line":73,"column":31},"end":{"line":73,"column":80}},"29":{"start":{"line":74,"column":4},"end":{"line":120,"column":null}},"30":{"start":{"line":75,"column":6},"end":{"line":98,"column":6}},"31":{"start":{"line":99,"column":11},"end":{"line":120,"column":null}},"32":{"start":{"line":100,"column":6},"end":{"line":119,"column":8}},"33":{"start":{"line":121,"column":4},"end":{"line":123,"column":85}},"34":{"start":{"line":16,"column":4},"end":{"line":16,"column":55}},"35":{"start":{"line":18,"column":4},"end":{"line":20,"column":null}},"36":{"start":{"line":19,"column":6},"end":{"line":19,"column":56}},"37":{"start":{"line":7,"column":0},"end":{"line":7,"column":13}},"38":{"start":{"line":8,"column":9},"end":{"line":8,"column":18}},"39":{"start":{"line":133,"column":9},"end":{"line":133,"column":32}},"40":{"start":{"line":134,"column":4},"end":{"line":137,"column":null}},"41":{"start":{"line":134,"column":46},"end":{"line":134,"column":66}},"42":{"start":{"line":135,"column":6},"end":{"line":135,"column":79}},"43":{"start":{"line":136,"column":6},"end":{"line":136,"column":18}},"44":{"start":{"line":139,"column":4},"end":{"line":142,"column":null}},"45":{"start":{"line":139,"column":50},"end":{"line":139,"column":70}},"46":{"start":{"line":140,"column":6},"end":{"line":140,"column":65}},"47":{"start":{"line":141,"column":6},"end":{"line":141,"column":18}},"48":{"start":{"line":144,"column":26},"end":{"line":144,"column":67}},"49":{"start":{"line":145,"column":4},"end":{"line":150,"column":null}},"50":{"start":{"line":146,"column":6},"end":{"line":148,"column":8}},"51":{"start":{"line":149,"column":6},"end":{"line":149,"column":18}},"52":{"start":{"line":152,"column":4},"end":{"line":155,"column":6}},"53":{"start":{"line":156,"column":4},"end":{"line":156,"column":17}},"54":{"start":{"line":166,"column":9},"end":{"line":166,"column":37}},"55":{"start":{"line":170,"column":4},"end":{"line":182,"column":null}},"56":{"start":{"line":173,"column":26},"end":{"line":173,"column":49}},"57":{"start":{"line":175,"column":6},"end":{"line":179,"column":null}},"58":{"start":{"line":176,"column":8},"end":{"line":176,"column":73}},"59":{"start":{"line":178,"column":8},"end":{"line":178,"column":70}},"60":{"start":{"line":181,"column":6},"end":{"line":181,"column":26}},"61":{"start":{"line":185,"column":4},"end":{"line":185,"column":16}},"62":{"start":{"line":189,"column":9},"end":{"line":189,"column":25}},"63":{"start":{"line":190,"column":4},"end":{"line":190,"column":null}},"64":{"start":{"line":193,"column":9},"end":{"line":193,"column":28}},"65":{"start":{"line":199,"column":4},"end":{"line":193,"column":28}},"66":{"start":{"line":219,"column":9},"end":{"line":219,"column":26}},"67":{"start":{"line":220,"column":4},"end":{"line":220,"column":77}},"68":{"start":{"line":220,"column":44},"end":{"line":220,"column":77}},"69":{"start":{"line":221,"column":4},"end":{"line":221,"column":75}},"70":{"start":{"line":221,"column":45},"end":{"line":221,"column":75}},"71":{"start":{"line":222,"column":4},"end":{"line":222,"column":14}}},"fnMap":{"0":{"name":"(anonymous_14)","decl":{"start":{"line":15,"column":2},"end":{"line":15,"column":14}},"loc":{"start":{"line":15,"column":27},"end":{"line":21,"column":3}}},"1":{"name":"(anonymous_15)","decl":{"start":{"line":24,"column":14},"end":{"line":24,"column":21}},"loc":{"start":{"line":24,"column":68},"end":{"line":36,"column":4}}},"2":{"name":"(anonymous_16)","decl":{"start":{"line":24,"column":68},"end":{"line":24,"column":null}},"loc":{"start":{"line":24,"column":68},"end":{"line":36,"column":3}}},"3":{"name":"(anonymous_17)","decl":{"start":{"line":39,"column":20},"end":{"line":39,"column":27}},"loc":{"start":{"line":39,"column":77},"end":{"line":50,"column":4}}},"4":{"name":"(anonymous_18)","decl":{"start":{"line":39,"column":77},"end":{"line":39,"column":null}},"loc":{"start":{"line":39,"column":77},"end":{"line":50,"column":3}}},"5":{"name":"(anonymous_19)","decl":{"start":{"line":53,"column":15},"end":{"line":53,"column":22}},"loc":{"start":{"line":53,"column":74},"end":{"line":69,"column":4}}},"6":{"name":"(anonymous_20)","decl":{"start":{"line":53,"column":74},"end":{"line":53,"column":null}},"loc":{"start":{"line":53,"column":74},"end":{"line":69,"column":3}}},"7":{"name":"(anonymous_21)","decl":{"start":{"line":72,"column":22},"end":{"line":72,"column":23}},"loc":{"start":{"line":72,"column":70},"end":{"line":124,"column":3}}},"8":{"name":"(anonymous_22)","decl":{"start":{"line":133,"column":32},"end":{"line":133,"column":33}},"loc":{"start":{"line":133,"column":94},"end":{"line":157,"column":null}}},"9":{"name":"(anonymous_23)","decl":{"start":{"line":134,"column":33},"end":{"line":134,"column":34}},"loc":{"start":{"line":134,"column":46},"end":{"line":134,"column":66}}},"10":{"name":"(anonymous_24)","decl":{"start":{"line":139,"column":37},"end":{"line":139,"column":38}},"loc":{"start":{"line":139,"column":50},"end":{"line":139,"column":70}}},"11":{"name":"(anonymous_25)","decl":{"start":{"line":166,"column":37},"end":{"line":166,"column":null}},"loc":{"start":{"line":169,"column":15},"end":{"line":186,"column":null}}},"12":{"name":"(anonymous_26)","decl":{"start":{"line":189,"column":25},"end":{"line":189,"column":26}},"loc":{"start":{"line":190,"column":4},"end":{"line":190,"column":null}}},"13":{"name":"(anonymous_27)","decl":{"start":{"line":193,"column":28},"end":{"line":193,"column":null}},"loc":{"start":{"line":199,"column":4},"end":{"line":193,"column":28}}},"14":{"name":"(anonymous_28)","decl":{"start":{"line":219,"column":26},"end":{"line":219,"column":27}},"loc":{"start":{"line":219,"column":57},"end":{"line":223,"column":null}}}},"branchMap":{"0":{"loc":{"start":{"line":33,"column":21},"end":{"line":33,"column":72}},"type":"cond-expr","locations":[{"start":{"line":33,"column":46},"end":{"line":33,"column":50}},{"start":{"line":33,"column":50},"end":{"line":33,"column":72}}]},"1":{"loc":{"start":{"line":33,"column":21},"end":{"line":33,"column":50}},"type":"binary-expr","locations":[{"start":{"line":33,"column":21},"end":{"line":33,"column":50}},{"start":{"line":33,"column":46},"end":{"line":33,"column":50}}]},"2":{"loc":{"start":{"line":33,"column":22},"end":{"line":33,"column":46}},"type":"cond-expr","locations":[{"start":{"line":33,"column":27},"end":{"line":33,"column":37}},{"start":{"line":33,"column":22},"end":{"line":33,"column":46}}]},"3":{"loc":{"start":{"line":33,"column":22},"end":{"line":33,"column":37}},"type":"binary-expr","locations":[{"start":{"line":33,"column":22},"end":{"line":33,"column":39}},{"start":{"line":33,"column":22},"end":{"line":33,"column":37}}]},"4":{"loc":{"start":{"line":47,"column":21},"end":{"line":47,"column":79}},"type":"cond-expr","locations":[{"start":{"line":47,"column":46},"end":{"line":47,"column":50}},{"start":{"line":47,"column":50},"end":{"line":47,"column":79}}]},"5":{"loc":{"start":{"line":47,"column":21},"end":{"line":47,"column":50}},"type":"binary-expr","locations":[{"start":{"line":47,"column":21},"end":{"line":47,"column":50}},{"start":{"line":47,"column":46},"end":{"line":47,"column":50}}]},"6":{"loc":{"start":{"line":47,"column":22},"end":{"line":47,"column":46}},"type":"cond-expr","locations":[{"start":{"line":47,"column":27},"end":{"line":47,"column":37}},{"start":{"line":47,"column":22},"end":{"line":47,"column":46}}]},"7":{"loc":{"start":{"line":47,"column":22},"end":{"line":47,"column":37}},"type":"binary-expr","locations":[{"start":{"line":47,"column":22},"end":{"line":47,"column":39}},{"start":{"line":47,"column":22},"end":{"line":47,"column":37}}]},"8":{"loc":{"start":{"line":67,"column":21},"end":{"line":67,"column":73}},"type":"cond-expr","locations":[{"start":{"line":67,"column":46},"end":{"line":67,"column":50}},{"start":{"line":67,"column":50},"end":{"line":67,"column":73}}]},"9":{"loc":{"start":{"line":67,"column":21},"end":{"line":67,"column":50}},"type":"binary-expr","locations":[{"start":{"line":67,"column":21},"end":{"line":67,"column":50}},{"start":{"line":67,"column":46},"end":{"line":67,"column":50}}]},"10":{"loc":{"start":{"line":67,"column":22},"end":{"line":67,"column":46}},"type":"cond-expr","locations":[{"start":{"line":67,"column":27},"end":{"line":67,"column":37}},{"start":{"line":67,"column":22},"end":{"line":67,"column":46}}]},"11":{"loc":{"start":{"line":67,"column":22},"end":{"line":67,"column":37}},"type":"binary-expr","locations":[{"start":{"line":67,"column":22},"end":{"line":67,"column":39}},{"start":{"line":67,"column":22},"end":{"line":67,"column":37}}]},"12":{"loc":{"start":{"line":74,"column":4},"end":{"line":120,"column":null}},"type":"if","locations":[{"start":{"line":74,"column":4},"end":{"line":120,"column":null}},{"start":{"line":99,"column":11},"end":{"line":120,"column":null}}]},"13":{"loc":{"start":{"line":99,"column":11},"end":{"line":120,"column":null}},"type":"if","locations":[{"start":{"line":99,"column":11},"end":{"line":120,"column":null}}]},"14":{"loc":{"start":{"line":99,"column":15},"end":{"line":99,"column":53}},"type":"binary-expr","locations":[{"start":{"line":99,"column":15},"end":{"line":99,"column":32}},{"start":{"line":99,"column":36},"end":{"line":99,"column":53}}]},"15":{"loc":{"start":{"line":18,"column":4},"end":{"line":20,"column":null}},"type":"if","locations":[{"start":{"line":18,"column":4},"end":{"line":20,"column":null}}]},"16":{"loc":{"start":{"line":18,"column":8},"end":{"line":18,"column":57}},"type":"binary-expr","locations":[{"start":{"line":18,"column":8},"end":{"line":18,"column":33}},{"start":{"line":18,"column":37},"end":{"line":18,"column":57}}]},"17":{"loc":{"start":{"line":134,"column":4},"end":{"line":137,"column":null}},"type":"if","locations":[{"start":{"line":134,"column":4},"end":{"line":137,"column":null}}]},"18":{"loc":{"start":{"line":139,"column":4},"end":{"line":142,"column":null}},"type":"if","locations":[{"start":{"line":139,"column":4},"end":{"line":142,"column":null}}]},"19":{"loc":{"start":{"line":144,"column":37},"end":{"line":144,"column":66}},"type":"binary-expr","locations":[{"start":{"line":144,"column":37},"end":{"line":144,"column":60}},{"start":{"line":144,"column":64},"end":{"line":144,"column":66}}]},"20":{"loc":{"start":{"line":145,"column":4},"end":{"line":150,"column":null}},"type":"if","locations":[{"start":{"line":145,"column":4},"end":{"line":150,"column":null}}]},"21":{"loc":{"start":{"line":145,"column":8},"end":{"line":145,"column":63}},"type":"binary-expr","locations":[{"start":{"line":145,"column":8},"end":{"line":145,"column":33}},{"start":{"line":145,"column":37},"end":{"line":145,"column":63}}]},"22":{"loc":{"start":{"line":170,"column":4},"end":{"line":182,"column":null}},"type":"if","locations":[{"start":{"line":170,"column":4},"end":{"line":182,"column":null}}]},"23":{"loc":{"start":{"line":170,"column":8},"end":{"line":170,"column":70}},"type":"binary-expr","locations":[{"start":{"line":170,"column":8},"end":{"line":170,"column":32}},{"start":{"line":170,"column":36},"end":{"line":170,"column":48}},{"start":{"line":170,"column":52},"end":{"line":170,"column":70}}]},"24":{"loc":{"start":{"line":175,"column":6},"end":{"line":179,"column":null}},"type":"if","locations":[{"start":{"line":175,"column":6},"end":{"line":179,"column":null}},{"start":{"line":177,"column":13},"end":{"line":179,"column":null}}]},"25":{"loc":{"start":{"line":190,"column":4},"end":{"line":190,"column":null}},"type":"binary-expr","locations":[{"start":{"line":190,"column":4},"end":{"line":190,"column":33}},{"start":{"line":190,"column":37},"end":{"line":190,"column":null}}]},"26":{"loc":{"start":{"line":220,"column":4},"end":{"line":220,"column":77}},"type":"if","locations":[{"start":{"line":220,"column":4},"end":{"line":220,"column":77}}]},"27":{"loc":{"start":{"line":221,"column":4},"end":{"line":221,"column":75}},"type":"if","locations":[{"start":{"line":221,"column":4},"end":{"line":221,"column":75}}]}},"s":{"0":2,"1":2,"2":2,"3":2,"4":0,"5":0,"6":0,"7":0,"8":0,"9":0,"10":0,"11":0,"12":0,"13":0,"14":0,"15":0,"16":0,"17":0,"18":0,"19":0,"20":0,"21":0,"22":0,"23":0,"24":0,"25":0,"26":0,"27":0,"28":0,"29":0,"30":0,"31":0,"32":0,"33":0,"34":0,"35":0,"36":0,"37":2,"38":2,"39":2,"40":26,"41":50,"42":4,"43":4,"44":22,"45":86,"46":1,"47":1,"48":21,"49":21,"50":4,"51":4,"52":17,"53":17,"54":2,"55":8,"56":7,"57":7,"58":3,"59":4,"60":7,"61":1,"62":2,"63":3,"64":2,"65":2,"66":2,"67":4,"68":1,"69":3,"70":1,"71":2},"f":{"0":0,"1":0,"2":0,"3":0,"4":0,"5":0,"6":0,"7":0,"8":26,"9":50,"10":86,"11":8,"12":3,"13":2,"14":4},"b":{"0":[0,0],"1":[0,0],"2":[0,0],"3":[0,0],"4":[0,0],"5":[0,0],"6":[0,0],"7":[0,0],"8":[0,0],"9":[0,0],"10":[0,0],"11":[0,0],"12":[0,0],"13":[0],"14":[0,0],"15":[0],"16":[0,0],"17":[4],"18":[1],"19":[21,7],"20":[4],"21":[21,14],"22":[7],"23":[8,7,7],"24":[3,4],"25":[3,3],"26":[1],"27":[1]}}
,"/Users/azlam/projects/sfops/actions/jiraLinter/src/jira.ts": {"path":"/Users/azlam/projects/sfops/actions/jiraLinter/src/jira.ts","statementMap":{"0":{"start":{"line":1,"column":0},"end":{"line":1,"column":45}},"1":{"start":{"line":2,"column":0},"end":{"line":2,"column":38}},"2":{"start":{"line":4,"column":0},"end":{"line":4,"column":64}},"3":{"start":{"line":34,"column":10},"end":{"line":42,"column":4}},"4":{"start":{"line":35,"column":24},"end":{"line":35,"column":46}},"5":{"start":{"line":36,"column":26},"end":{"line":36,"column":69}},"6":{"start":{"line":37,"column":4},"end":{"line":41,"column":7}},"7":{"start":{"line":44,"column":2},"end":{"line":85,"column":4}},"8":{"start":{"line":44,"column":65},"end":{"line":85,"column":4}},"9":{"start":{"line":45,"column":4},"end":{"line":84,"column":null}},"10":{"start":{"line":46,"column":32},"end":{"line":46,"column":56}},"11":{"start":{"line":56,"column":10},"end":{"line":56,"column":15}},"12":{"start":{"line":58,"column":21},"end":{"line":63,"column":9}},"13":{"start":{"line":58,"column":47},"end":{"line":63,"column":8}},"14":{"start":{"line":65,"column":6},"end":{"line":81,"column":8}},"15":{"start":{"line":83,"column":6},"end":{"line":83,"column":14}},"16":{"start":{"line":87,"column":2},"end":{"line":96,"column":4}},"17":{"start":{"line":87,"column":55},"end":{"line":96,"column":4}},"18":{"start":{"line":88,"column":4},"end":{"line":95,"column":null}},"19":{"start":{"line":89,"column":23},"end":{"line":90,"column":null}},"20":{"start":{"line":92,"column":6},"end":{"line":92,"column":27}},"21":{"start":{"line":94,"column":6},"end":{"line":94,"column":14}},"22":{"start":{"line":11,"column":4},"end":{"line":11,"column":27}},"23":{"start":{"line":12,"column":4},"end":{"line":12,"column":63}},"24":{"start":{"line":6,"column":0},"end":{"line":6,"column":13}},"25":{"start":{"line":18,"column":9},"end":{"line":18,"column":31}},"26":{"start":{"line":19,"column":4},"end":{"line":21,"column":null}},"27":{"start":{"line":20,"column":6},"end":{"line":20,"column":17}},"28":{"start":{"line":22,"column":19},"end":{"line":22,"column":117}},"29":{"start":{"line":22,"column":41},"end":{"line":22,"column":105}},"30":{"start":{"line":23,"column":4},"end":{"line":23,"column":38}},"31":{"start":{"line":27,"column":9},"end":{"line":27,"column":28}},"32":{"start":{"line":28,"column":20},"end":{"line":28,"column":85}},"33":{"start":{"line":29,"column":4},"end":{"line":31,"column":21}},"34":{"start":{"line":30,"column":6},"end":{"line":30,"column":55}},"35":{"start":{"line":31,"column":11},"end":{"line":31,"column":21}},"36":{"start":{"line":99,"column":9},"end":{"line":99,"column":28}},"37":{"start":{"line":100,"column":23},"end":{"line":100,"column":48}},"38":{"start":{"line":102,"column":22},"end":{"line":135,"column":5}},"39":{"start":{"line":137,"column":4},"end":{"line":142,"column":null}},"40":{"start":{"line":138,"column":6},"end":{"line":141,"column":9}},"41":{"start":{"line":144,"column":4},"end":{"line":144,"column":23}},"42":{"start":{"line":148,"column":9},"end":{"line":148,"column":26}},"43":{"start":{"line":149,"column":4},"end":{"line":160,"column":2}},"44":{"start":{"line":164,"column":9},"end":{"line":164,"column":30}},"45":{"start":{"line":169,"column":4},"end":{"line":173,"column":null}},"46":{"start":{"line":171,"column":6},"end":{"line":171,"column":84}},"47":{"start":{"line":172,"column":6},"end":{"line":172,"column":18}},"48":{"start":{"line":175,"column":4},"end":{"line":175,"column":57}},"49":{"start":{"line":179,"column":9},"end":{"line":179,"column":40}},"50":{"start":{"line":180,"column":34},"end":{"line":180,"column":60}},"51":{"start":{"line":182,"column":4},"end":{"line":196,"column":6}},"52":{"start":{"line":200,"column":17},"end":{"line":200,"column":33}},"53":{"start":{"line":200,"column":60},"end":{"line":200,"column":30}}},"fnMap":{"0":{"name":"(anonymous_14)","decl":{"start":{"line":10,"column":2},"end":{"line":10,"column":14}},"loc":{"start":{"line":10,"column":62},"end":{"line":13,"column":3}}},"1":{"name":"(anonymous_15)","decl":{"start":{"line":34,"column":26},"end":{"line":34,"column":27}},"loc":{"start":{"line":34,"column":94},"end":{"line":42,"column":3}}},"2":{"name":"(anonymous_16)","decl":{"start":{"line":44,"column":21},"end":{"line":44,"column":28}},"loc":{"start":{"line":44,"column":65},"end":{"line":85,"column":4}}},"3":{"name":"(anonymous_17)","decl":{"start":{"line":44,"column":65},"end":{"line":44,"column":null}},"loc":{"start":{"line":44,"column":65},"end":{"line":85,"column":3}}},"4":{"name":"(anonymous_18)","decl":{"start":{"line":58,"column":35},"end":{"line":58,"column":36}},"loc":{"start":{"line":58,"column":47},"end":{"line":63,"column":8}}},"5":{"name":"(anonymous_19)","decl":{"start":{"line":87,"column":13},"end":{"line":87,"column":20}},"loc":{"start":{"line":87,"column":55},"end":{"line":96,"column":4}}},"6":{"name":"(anonymous_20)","decl":{"start":{"line":87,"column":55},"end":{"line":87,"column":null}},"loc":{"start":{"line":87,"column":55},"end":{"line":96,"column":3}}},"7":{"name":"(anonymous_21)","decl":{"start":{"line":18,"column":31},"end":{"line":18,"column":32}},"loc":{"start":{"line":18,"column":73},"end":{"line":24,"column":null}}},"8":{"name":"(anonymous_22)","decl":{"start":{"line":22,"column":30},"end":{"line":22,"column":31}},"loc":{"start":{"line":22,"column":41},"end":{"line":22,"column":105}}},"9":{"name":"(anonymous_23)","decl":{"start":{"line":27,"column":28},"end":{"line":27,"column":29}},"loc":{"start":{"line":27,"column":56},"end":{"line":32,"column":null}}},"10":{"name":"(anonymous_24)","decl":{"start":{"line":99,"column":28},"end":{"line":99,"column":29}},"loc":{"start":{"line":99,"column":82},"end":{"line":145,"column":null}}},"11":{"name":"(anonymous_25)","decl":{"start":{"line":148,"column":26},"end":{"line":148,"column":27}},"loc":{"start":{"line":148,"column":53},"end":{"line":161,"column":null}}},"12":{"name":"(anonymous_26)","decl":{"start":{"line":164,"column":30},"end":{"line":164,"column":null}},"loc":{"start":{"line":168,"column":15},"end":{"line":176,"column":null}}},"13":{"name":"(anonymous_27)","decl":{"start":{"line":179,"column":40},"end":{"line":179,"column":41}},"loc":{"start":{"line":179,"column":99},"end":{"line":197,"column":null}}},"14":{"name":"(anonymous_28)","decl":{"start":{"line":200,"column":33},"end":{"line":200,"column":34}},"loc":{"start":{"line":200,"column":60},"end":{"line":200,"column":30}}}},"branchMap":{"0":{"loc":{"start":{"line":79,"column":18},"end":{"line":79,"column":97}},"type":"cond-expr","locations":[{"start":{"line":79,"column":81},"end":{"line":79,"column":89}},{"start":{"line":79,"column":92},"end":{"line":79,"column":97}}]},"1":{"loc":{"start":{"line":79,"column":18},"end":{"line":79,"column":78}},"type":"binary-expr","locations":[{"start":{"line":79,"column":18},"end":{"line":79,"column":46}},{"start":{"line":79,"column":50},"end":{"line":79,"column":78}}]},"2":{"loc":{"start":{"line":19,"column":4},"end":{"line":21,"column":null}},"type":"if","locations":[{"start":{"line":19,"column":4},"end":{"line":21,"column":null}}]},"3":{"loc":{"start":{"line":19,"column":8},"end":{"line":19,"column":33}},"type":"binary-expr","locations":[{"start":{"line":19,"column":8},"end":{"line":19,"column":15}},{"start":{"line":19,"column":19},"end":{"line":19,"column":33}}]},"4":{"loc":{"start":{"line":29,"column":4},"end":{"line":31,"column":21}},"type":"if","locations":[{"start":{"line":29,"column":4},"end":{"line":31,"column":21}},{"start":{"line":31,"column":11},"end":{"line":31,"column":21}}]},"5":{"loc":{"start":{"line":29,"column":8},"end":{"line":29,"column":23}},"type":"cond-expr","locations":[{"start":{"line":29,"column":15},"end":{"line":29,"column":17}},{"start":{"line":29,"column":8},"end":{"line":29,"column":23}}]},"6":{"loc":{"start":{"line":29,"column":8},"end":{"line":29,"column":17}},"type":"binary-expr","locations":[{"start":{"line":29,"column":8},"end":{"line":29,"column":17}},{"start":{"line":29,"column":8},"end":{"line":29,"column":17}}]},"7":{"loc":{"start":{"line":124,"column":12},"end":{"line":124,"column":37}},"type":"binary-expr","locations":[{"start":{"line":124,"column":12},"end":{"line":124,"column":28}},{"start":{"line":124,"column":32},"end":{"line":124,"column":37}}]},"8":{"loc":{"start":{"line":137,"column":4},"end":{"line":142,"column":null}},"type":"if","locations":[{"start":{"line":137,"column":4},"end":{"line":142,"column":null}}]},"9":{"loc":{"start":{"line":137,"column":8},"end":{"line":137,"column":65}},"type":"binary-expr","locations":[{"start":{"line":137,"column":8},"end":{"line":137,"column":26}},{"start":{"line":137,"column":30},"end":{"line":137,"column":43}},{"start":{"line":137,"column":47},"end":{"line":137,"column":65}}]},"10":{"loc":{"start":{"line":169,"column":4},"end":{"line":173,"column":null}},"type":"if","locations":[{"start":{"line":169,"column":4},"end":{"line":173,"column":null}}]}},"s":{"0":1,"1":1,"2":1,"3":0,"4":0,"5":0,"6":0,"7":0,"8":0,"9":0,"10":0,"11":0,"12":0,"13":0,"14":0,"15":0,"16":0,"17":0,"18":0,"19":0,"20":0,"21":0,"22":0,"23":0,"24":1,"25":1,"26":3,"27":0,"28":3,"29":4,"30":3,"31":1,"32":15,"33":15,"34":13,"35":2,"36":1,"37":2,"38":2,"39":2,"40":1,"41":2,"42":1,"43":1,"44":1,"45":3,"46":1,"47":1,"48":2,"49":1,"50":2,"51":2,"52":1,"53":41},"f":{"0":0,"1":0,"2":0,"3":0,"4":0,"5":0,"6":0,"7":3,"8":4,"9":15,"10":2,"11":1,"12":3,"13":2,"14":41},"b":{"0":[0,0],"1":[0,0],"2":[0],"3":[3,3],"4":[13,2],"5":[2,13],"6":[15,13],"7":[2,0],"8":[1],"9":[2,2,1],"10":[1]}}
}
