TN:
SF:src/constants.ts
FNF:0
FNH:0
DA:2,2
DA:6,2
DA:11,2
DA:16,2
DA:21,2
DA:27,2
LF:6
LH:6
BRF:0
BRH:0
end_of_record
TN:
SF:src/github.ts
FN:15,(anonymous_14)
FN:24,(anonymous_15)
FN:24,(anonymous_16)
FN:39,(anonymous_17)
FN:39,(anonymous_18)
FN:53,(anonymous_19)
FN:53,(anonymous_20)
FN:72,(anonymous_21)
FN:133,(anonymous_22)
FN:134,(anonymous_23)
FN:139,(anonymous_24)
FN:166,(anonymous_25)
FN:189,(anonymous_26)
FN:193,(anonymous_27)
FN:219,(anonymous_28)
FNF:15
FNH:7
FNDA:0,(anonymous_14)
FNDA:0,(anonymous_15)
FNDA:0,(anonymous_16)
FNDA:0,(anonymous_17)
FNDA:0,(anonymous_18)
FNDA:0,(anonymous_19)
FNDA:0,(anonymous_20)
FNDA:0,(anonymous_21)
FNDA:26,(anonymous_22)
FNDA:50,(anonymous_23)
FNDA:86,(anonymous_24)
FNDA:8,(anonymous_25)
FNDA:3,(anonymous_26)
FNDA:2,(anonymous_27)
FNDA:4,(anonymous_28)
DA:1,2
DA:2,2
DA:3,2
DA:5,2
DA:7,2
DA:8,2
DA:16,0
DA:18,0
DA:19,0
DA:24,0
DA:25,0
DA:27,0
DA:29,0
DA:31,0
DA:33,0
DA:34,0
DA:39,0
DA:40,0
DA:41,0
DA:43,0
DA:45,0
DA:47,0
DA:48,0
DA:53,0
DA:54,0
DA:56,0
DA:57,0
DA:65,0
DA:67,0
DA:72,0
DA:73,0
DA:74,0
DA:75,0
DA:99,0
DA:100,0
DA:121,0
DA:133,2
DA:134,50
DA:135,4
DA:136,4
DA:139,86
DA:140,1
DA:141,1
DA:144,21
DA:145,21
DA:146,4
DA:149,4
DA:152,17
DA:156,17
DA:166,2
DA:170,8
DA:173,7
DA:175,7
DA:176,3
DA:178,4
DA:181,7
DA:185,1
DA:189,2
DA:190,3
DA:193,2
DA:199,2
DA:219,2
DA:220,4
DA:221,3
DA:222,2
LF:65
LH:35
BRDA:33,0,0,0
BRDA:33,0,1,0
BRDA:33,1,0,0
BRDA:33,1,1,0
BRDA:33,2,0,0
BRDA:33,2,1,0
BRDA:33,3,0,0
BRDA:33,3,1,0
BRDA:47,4,0,0
BRDA:47,4,1,0
BRDA:47,5,0,0
BRDA:47,5,1,0
BRDA:47,6,0,0
BRDA:47,6,1,0
BRDA:47,7,0,0
BRDA:47,7,1,0
BRDA:67,8,0,0
BRDA:67,8,1,0
BRDA:67,9,0,0
BRDA:67,9,1,0
BRDA:67,10,0,0
BRDA:67,10,1,0
BRDA:67,11,0,0
BRDA:67,11,1,0
BRDA:74,12,0,0
BRDA:74,12,1,0
BRDA:99,13,0,0
BRDA:99,14,0,0
BRDA:99,14,1,0
BRDA:18,15,0,0
BRDA:18,16,0,0
BRDA:18,16,1,0
BRDA:134,17,0,4
BRDA:139,18,0,1
BRDA:144,19,0,21
BRDA:144,19,1,7
BRDA:145,20,0,4
BRDA:145,21,0,21
BRDA:145,21,1,14
BRDA:170,22,0,7
BRDA:170,23,0,8
BRDA:170,23,1,7
BRDA:170,23,2,7
BRDA:175,24,0,3
BRDA:175,24,1,4
BRDA:190,25,0,3
BRDA:190,25,1,3
BRDA:220,26,0,1
BRDA:221,27,0,1
BRF:49
BRH:17
end_of_record
TN:
SF:src/jira.ts
FN:10,(anonymous_14)
FN:34,(anonymous_15)
FN:44,(anonymous_16)
FN:44,(anonymous_17)
FN:58,(anonymous_18)
FN:87,(anonymous_19)
FN:87,(anonymous_20)
FN:18,(anonymous_21)
FN:22,(anonymous_22)
FN:27,(anonymous_23)
FN:99,(anonymous_24)
FN:148,(anonymous_25)
FN:164,(anonymous_26)
FN:179,(anonymous_27)
FN:200,(anonymous_28)
FNF:15
FNH:8
FNDA:0,(anonymous_14)
FNDA:0,(anonymous_15)
FNDA:0,(anonymous_16)
FNDA:0,(anonymous_17)
FNDA:0,(anonymous_18)
FNDA:0,(anonymous_19)
FNDA:0,(anonymous_20)
FNDA:3,(anonymous_21)
FNDA:4,(anonymous_22)
FNDA:15,(anonymous_23)
FNDA:2,(anonymous_24)
FNDA:1,(anonymous_25)
FNDA:3,(anonymous_26)
FNDA:2,(anonymous_27)
FNDA:41,(anonymous_28)
DA:1,1
DA:2,1
DA:4,1
DA:6,1
DA:11,0
DA:12,0
DA:18,1
DA:19,3
DA:20,0
DA:22,4
DA:23,3
DA:27,1
DA:28,15
DA:29,15
DA:30,13
DA:31,2
DA:34,0
DA:35,0
DA:36,0
DA:37,0
DA:44,0
DA:45,0
DA:46,0
DA:56,0
DA:58,0
DA:65,0
DA:83,0
DA:87,0
DA:88,0
DA:89,0
DA:92,0
DA:94,0
DA:99,1
DA:100,2
DA:102,2
DA:137,2
DA:138,1
DA:144,2
DA:148,1
DA:149,1
DA:164,1
DA:169,3
DA:171,1
DA:172,1
DA:175,2
DA:179,1
DA:180,2
DA:182,2
DA:200,41
LF:49
LH:30
BRDA:79,0,0,0
BRDA:79,0,1,0
BRDA:79,1,0,0
BRDA:79,1,1,0
BRDA:19,2,0,0
BRDA:19,3,0,3
BRDA:19,3,1,3
BRDA:29,4,0,13
BRDA:29,4,1,2
BRDA:29,5,0,2
BRDA:29,5,1,13
BRDA:29,6,0,15
BRDA:29,6,1,13
BRDA:124,7,0,2
BRDA:124,7,1,0
BRDA:137,8,0,1
BRDA:137,9,0,2
BRDA:137,9,1,2
BRDA:137,9,2,1
BRDA:169,10,0,1
BRF:20
BRH:14
end_of_record
